
> aircarepro@1.0.0 build /workspace/aircarepro
> next build

   ▲ Next.js 15.5.6

   Creating an optimized production build ...
Failed to compile.

./lib/cityUtils.ts
Error:   [31mx[0m Expected '(', got 'ities'
    ,-[[36;1;4m/workspace/aircarepro/lib/cityUtils.ts[0m:11:1]
 [2m 8[0m |   return cities.map((city) => city.slug);
 [2m 9[0m | }
 [2m10[0m | 
 [2m11[0m | export function getNearbyC ities(currentSlug: string, count: number = 4): City[] {
    : [35;1m                           ^^^^^[0m
 [2m12[0m |   const currentIndex = cities.findIndex((city) => city.slug === currentSlug);
 [2m13[0m |   const nearby: City[] = [];
 [2m14[0m |   
    `----

Caused by:
    Syntax Error

Import trace for requested module:
./lib/cityUtils.ts
./app/locations/[city]/page.tsx

./lib/schemaBuilders.ts
Error:   [31mx[0m Unexpected token `string literal (: , ': ')`. Expected ... , *,  (, [, :, , ?, =, an identifier, public, protected, private, readonly, <.
    ,-[[36;1;4m/workspace/aircarepro/lib/schemaBuilders.ts[0m:37:1]
 [2m34[0m |       { '@type': 'OpeningHoursSpecification', dayOfWeek: 'Monday', opens: '08:00', closes: '18:00' },
 [2m35[0m |       { '@type': 'OpeningHoursSpecification', dayOfWeek: 'Tuesday', opens: '08:00', closes: '18:00' },
 [2m36[0m |       { '@type': 'OpeningHoursSpecification', dayOfWeek: 'Wednesday', opens: '08:00', closes: '18:00' },
 [2m37[0m |       { '@type': 'OpeningHoursSpecification', dayOfWeek': 'Thursday', opens: '08:00', closes: '18:00' },
    : [35;1m                                                       ^^^^[0m
 [2m38[0m |       { '@type': 'OpeningHoursSpecification', dayOfWeek: 'Friday', opens: '08:00', closes: '18:00' },
 [2m39[0m |     ],
 [2m40[0m |     aggregateRating: {
    `----

Caused by:
    Syntax Error

Import trace for requested module:
./lib/schemaBuilders.ts
./app/page.tsx


> Build failed because of webpack errors
 ELIFECYCLE  Command failed with exit code 1.
